"File: initial.c     Assembler  Version HGASM0202      Page 1


   1  0000              ; Generated by holtek-gcc v3.19, Mon Apr 06 10:41:26 2020
   2  0000              ; 
   3  0000              ; Configuration:
   4  0000              ;       without long instruction
   5  0000              ;       Single ROM, Multi-RAM
   6  0000              ;       bits_per_rom_unit:14
   7  0000              ;       with mp1
   8  0000              ;       with tbhp, address(0x1f)
   9  0000              ;          Use ret-const
  10  0000              ;       
  11  0000              ;       
  12  0000              ;       
  13  0000              ; use 'tabrdc' instead of 'tabrd'
  14  0000              ;       
  15  0000              
  16  0000              #pragma translator "holtek-gcc 4.6.4" "3.19" "build 20130711"
  17  0000              ; Rebuild 718
  18  0000              
  19  0000              ir equ [2]
  20  0000              mp equ [3]
  21  0000              sbp equ [7]
  22  0000              acc equ [5]
  23  0000              bp equ [4]
  24  0000              status equ [10]
  25  0000              c equ [10].0
  26  0000              ac equ [10].1
  27  0000              z equ [10].2
  28  0000              ov equ [10].3
  29  0000              intc equ [11]
  30  0000              
  31  0000              extern ra:byte
  32  0000              extern rb:byte
  33  0000              extern rc:byte
  34  0000              extern rd:byte
  35  0000              extern re:byte
  36  0000              extern rf:byte
  37  0000              extern rg:byte
  38  0000              extern rh:byte
  39  0000              extern _Crom2Prom:near
  40  0000              extern _Crom2PromNext:near
  41  0000              
  42  0000              RAMBANK 0 @HCCINIT, @HCCINIT0
  43  0000              
  44  0000              RAMBANK 0 @BITDATASEC, @BITDATASEC1
  45  0000              @HCCINIT	.section 'data'
  46  0000              @HCCINIT0	.section 'data'
  47  0000              @BITDATASEC	 .section 'data'
  48  0000              @BITDATASEC1	 .section 'data'
  49  0000              
  50  0000              #pragma debug scope 1 1
  51  0000              	extern __DELAY3:near
  52  0000              	extern __DELAYX3:near
  53  0000              	extern __DELAYX6:near
  54  0000              	extern __DELAYY5:near
  55  0000              	extern __DELAYY3:near
  56  0000              	extern _builtin_holtek_delay_2:byte
  57  0000              ___scc equ [11]
  58  0000              ___pa equ [20]
  59  0000              ___pac equ [21]
"File: initial.ASM   Assembler  Version HGASM0202      Page 2

  60  0000              ___papu equ [22]
  61  0000              ___pawu equ [23]
  62  0000              ___pb equ [37]
  63  0000              ___pbc equ [38]
  64  0000              ___pbpu equ [39]
  65  0000              ___pas0 equ [31]
  66  0000              ___pas1 equ [32]
  67  0000              ___pbs0 equ [33]
  68  0000              ___ifs equ [61]
  69  0000              ___simc2 equ [27]
  70  0000              ___simc0 equ [25]
  71  0000              ___uucr1 equ [26]
  72  0000              ___uucr2 equ [27]
  73  0000              ___ubrg equ [29]
  74  0000              ___wdtc equ [18]
  75  0000              public _initial
  76  0000              #pragma debug scope 2 1

   5  0000              #line 5 "F:\Project\Carilex\E-Signal\i2c\200323-1\200323-1\initial.c"
   5  0000              _initial .section 'code'
   5  0000              _initial proc
   6  0000              #line 6 "F:\Project\Carilex\E-Signal\i2c\200323-1\200323-1\initial.c"
   6  0000  378B        	clr [11].7
   7  0001              #line 7 "F:\Project\Carilex\E-Signal\i2c\200323-1\200323-1\initial.c"
   7  0001  330B        	set [11].6
   8  0002              #line 8 "F:\Project\Carilex\E-Signal\i2c\200323-1\200323-1\initial.c"
   8  0002  368B        	clr [11].5
  10  0003              #line 10 "F:\Project\Carilex\E-Signal\i2c\200323-1\200323-1\initial.c"
  10  0003  0F20        	mov a,32
  10  0004  0094        	mov [20],a
  12  0005              #line 12 "F:\Project\Carilex\E-Signal\i2c\200323-1\200323-1\initial.c"
  12  0005  0F90        	mov a,144
  12  0006  0095        	mov [21],a
  13  0007              #line 13 "F:\Project\Carilex\E-Signal\i2c\200323-1\200323-1\initial.c"
  13  0007  1F16        	clr [22]
  14  0008              #line 14 "F:\Project\Carilex\E-Signal\i2c\200323-1\200323-1\initial.c"
  14  0008  1F17        	clr [23]
  18  0009              #line 18 "F:\Project\Carilex\E-Signal\i2c\200323-1\200323-1\initial.c"
  18  0009  0F02        	mov a,2
  18  000A  00A5        	mov [37],a
  19  000B              #line 19 "F:\Project\Carilex\E-Signal\i2c\200323-1\200323-1\initial.c"
  19  000B  1F26        	clr [38]
  20  000C              #line 20 "F:\Project\Carilex\E-Signal\i2c\200323-1\200323-1\initial.c"
  20  000C  0F04        	mov a,4
  20  000D  00A7        	mov [39],a
  22  000E              #line 22 "F:\Project\Carilex\E-Signal\i2c\200323-1\200323-1\initial.c"
  22  000E  0F04        	mov a,4
  22  000F  009F        	mov [31],a
  24  0010              #line 24 "F:\Project\Carilex\E-Signal\i2c\200323-1\200323-1\initial.c"
  24  0010  0F80        	mov a,128
  24  0011  00A0        	mov [32],a
  25  0012              #line 25 "F:\Project\Carilex\E-Signal\i2c\200323-1\200323-1\initial.c"
  25  0012  0F02        	mov a,2
  25  0013  00A1        	mov [33],a
  27  0014              #line 27 "F:\Project\Carilex\E-Signal\i2c\200323-1\200323-1\initial.c"
  27  0014  0F0C        	mov a,12
  27  0015  00BD        	mov [61],a
  28  0016              #line 28 "F:\Project\Carilex\E-Signal\i2c\200323-1\200323-1\initial.c"
  28  0016  1F1B        	clr [27]
  29  0017              #line 29 "F:\Project\Carilex\E-Signal\i2c\200323-1\200323-1\initial.c"
"File: initial.c     Assembler  Version HGASM0202      Page 3

  29  0017  0F10        	mov a,16
  29  0018  0099        	mov [25],a
  30  0019              #line 30 "F:\Project\Carilex\E-Signal\i2c\200323-1\200323-1\initial.c"
  30  0019  0F80        	mov a,128
  30  001A  009A        	mov [26],a
  31  001B              #line 31 "F:\Project\Carilex\E-Signal\i2c\200323-1\200323-1\initial.c"
  31  001B  0F81        	mov a,129
  31  001C  009B        	mov [27],a
  32  001D              #line 32 "F:\Project\Carilex\E-Signal\i2c\200323-1\200323-1\initial.c"
  32  001D  0F0C        	mov a,12
  32  001E  009D        	mov [29],a
  67  001F              #line 67 "F:\Project\Carilex\E-Signal\i2c\200323-1\200323-1\initial.c"
  67  001F  3112        	set [18].2
  68  0020              #line 68 "F:\Project\Carilex\E-Signal\i2c\200323-1\200323-1\initial.c"
  68  0020  3492        	clr [18].1
  69  0021              #line 69 "F:\Project\Carilex\E-Signal\i2c\200323-1\200323-1\initial.c"
  69  0021  3012        	set [18].0
  69  0022  0003        	ret
  69  0023              _initial endp
  69  0023              #line 69 "F:\Project\Carilex\E-Signal\i2c\200323-1\200323-1\initial.c"
  69  0023              #pragma debug scope 1 1
  69  0023              ___sadc0 equ [58]
  69  0023              ___sadc1 equ [59]
  69  0023              ___sadc2 equ [60]
  69  0023              ___intc0 equ [34]
  69  0023              public _halt_set
  69  0023              #pragma debug scope 3 1
  89  0023              #line 89 "F:\Project\Carilex\E-Signal\i2c\200323-1\200323-1\initial.c"
  89  0000              _halt_set .section 'code'
  89  0000              _halt_set proc
  90  0000              #line 90 "F:\Project\Carilex\E-Signal\i2c\200323-1\200323-1\initial.c"
  90  0000  1F0B        	clr [11]
  91  0001              #line 91 "F:\Project\Carilex\E-Signal\i2c\200323-1\200323-1\initial.c"
  91  0001  1F3A        	clr [58]
  92  0002              #line 92 "F:\Project\Carilex\E-Signal\i2c\200323-1\200323-1\initial.c"
  92  0002  1F3B        	clr [59]
  93  0003              #line 93 "F:\Project\Carilex\E-Signal\i2c\200323-1\200323-1\initial.c"
  93  0003  1F3C        	clr [60]
  94  0004              #line 94 "F:\Project\Carilex\E-Signal\i2c\200323-1\200323-1\initial.c"
  94  0004  3422        	clr [34].0
  94  0005  0003        	ret
  94  0006              _halt_set endp
  94  0006              #line 94 "F:\Project\Carilex\E-Signal\i2c\200323-1\200323-1\initial.c"
  94  0006              #pragma debug scope 1 1
  94  0006              public _wake_set
  94  0006              #pragma debug scope 4 1
  98  0006              #line 98 "F:\Project\Carilex\E-Signal\i2c\200323-1\200323-1\initial.c"
  98  0000              _wake_set .section 'code'
  98  0000              _wake_set proc
  99  0000              #line 99 "F:\Project\Carilex\E-Signal\i2c\200323-1\200323-1\initial.c"
  99  0000  1F0B        	clr [11]
  99  0001  0003        	ret
  99  0002              _wake_set endp
  99  0002              #line 99 "F:\Project\Carilex\E-Signal\i2c\200323-1\200323-1\initial.c"
  99  0002              #pragma debug scope 1 1
  99  0002              ___bp equ [4]
  99  0002              ___mp0 equ [1]
  99  0002              ___iar0 equ [0]
  99  0002              public _clear_ram
  99  0002              #pragma debug scope 5 1
"File: initial.c     Assembler  Version HGASM0202      Page 4

 103  0002              #line 103 "F:\Project\Carilex\E-Signal\i2c\200323-1\200323-1\initial.c"
 103  0000              _clear_ram .section 'code'
 103  0000              _clear_ram proc
 104  0000              #line 104 "F:\Project\Carilex\E-Signal\i2c\200323-1\200323-1\initial.c"
 104  0000  1F04        	clr [4]
 105  0001              #line 105 "F:\Project\Carilex\E-Signal\i2c\200323-1\200323-1\initial.c"
 105  0001  1F81        	set [1]
 105  0002  2800     R  	jmp _L5
 105  0003              _L6:
 107  0003              #line 107 "F:\Project\Carilex\E-Signal\i2c\200323-1\200323-1\initial.c"
 107  0003              ;# 107 "F:\Project\Carilex\E-Signal\i2c\200323-1\200323-1\initial.c" 1
 107  0003  0001        	clr wdt
 108  0004              #line 108 "F:\Project\Carilex\E-Signal\i2c\200323-1\200323-1\initial.c"
 108  0004  1F00        	clr [0]
 105  0005              #line 105 "F:\Project\Carilex\E-Signal\i2c\200323-1\200323-1\initial.c"
 105  0005  1581        	dec [1]
 105  0006              _L5:
 105  0006  0FBF        	mov a,191
 105  0007  0201        	sub a,[1]
 105  0008  380A        	snz c
 105  0009  2800     R  	jmp _L6
 105  000A  0003        	ret
 105  000B              _clear_ram endp
 105  000B              #line 105 "F:\Project\Carilex\E-Signal\i2c\200323-1\200323-1\initial.c"
 105  000B              #pragma debug scope 1 1
 105  000B              #pragma debug variable 8 1 ___mp0 "__mp0" 1
 105  000B              #pragma debug struct_end
 105  000B              #pragma debug struct_end
 105  000B              #pragma debug union_end
 105  000B              #pragma debug union_end
 105  000B              #pragma debug variable 43 1 ___bp "__bp" 1
 105  000B              #pragma debug struct_end
 105  000B              #pragma debug struct_end
 105  000B              #pragma debug union_end
 105  000B              #pragma debug union_end
 105  000B              #pragma debug variable 45 1 ___scc "__scc" 1
 105  000B              #pragma debug struct_end
 105  000B              #pragma debug struct_end
 105  000B              #pragma debug union_end
 105  000B              #pragma debug union_end
 105  000B              #pragma debug variable 47 1 ___wdtc "__wdtc" 1
 105  000B              #pragma debug struct_end
 105  000B              #pragma debug struct_end
 105  000B              #pragma debug union_end
 105  000B              #pragma debug union_end
 105  000B              #pragma debug variable 49 1 ___pa "__pa" 1
 105  000B              #pragma debug struct_end
 105  000B              #pragma debug struct_end
 105  000B              #pragma debug union_end
 105  000B              #pragma debug union_end
 105  000B              #pragma debug variable 51 1 ___pac "__pac" 1
 105  000B              #pragma debug struct_end
 105  000B              #pragma debug struct_end
 105  000B              #pragma debug union_end
 105  000B              #pragma debug union_end
 105  000B              #pragma debug variable 53 1 ___papu "__papu" 1
 105  000B              #pragma debug struct_end
 105  000B              #pragma debug struct_end
 105  000B              #pragma debug union_end
 105  000B              #pragma debug union_end
"File: initial.c     Assembler  Version HGASM0202      Page 5

 105  000B              #pragma debug variable 55 1 ___pawu "__pawu" 1
 105  000B              #pragma debug struct_end
 105  000B              #pragma debug struct_end
 105  000B              #pragma debug union_end
 105  000B              #pragma debug union_end
 105  000B              #pragma debug variable 57 1 ___simc0 "__simc0" 1
 105  000B              #pragma debug struct_end
 105  000B              #pragma debug struct_end
 105  000B              #pragma debug union_end
 105  000B              #pragma debug union_end
 105  000B              #pragma debug variable 59 1 ___uucr1 "__uucr1" 1
 105  000B              #pragma debug struct_end
 105  000B              #pragma debug struct_end
 105  000B              #pragma debug union_end
 105  000B              #pragma debug union_end
 105  000B              #pragma debug variable 61 1 ___simc2 "__simc2" 1
 105  000B              #pragma debug struct_end
 105  000B              #pragma debug struct_end
 105  000B              #pragma debug union_end
 105  000B              #pragma debug union_end
 105  000B              #pragma debug variable 63 1 ___uucr2 "__uucr2" 1
 105  000B              #pragma debug struct_end
 105  000B              #pragma debug struct_end
 105  000B              #pragma debug union_end
 105  000B              #pragma debug union_end
 105  000B              #pragma debug variable 65 1 ___ubrg "__ubrg" 1
 105  000B              #pragma debug struct_end
 105  000B              #pragma debug struct_end
 105  000B              #pragma debug union_end
 105  000B              #pragma debug union_end
 105  000B              #pragma debug variable 67 1 ___pas0 "__pas0" 1
 105  000B              #pragma debug struct_end
 105  000B              #pragma debug struct_end
 105  000B              #pragma debug union_end
 105  000B              #pragma debug union_end
 105  000B              #pragma debug variable 69 1 ___pas1 "__pas1" 1
 105  000B              #pragma debug struct_end
 105  000B              #pragma debug struct_end
 105  000B              #pragma debug union_end
 105  000B              #pragma debug union_end
 105  000B              #pragma debug variable 71 1 ___pbs0 "__pbs0" 1
 105  000B              #pragma debug struct_end
 105  000B              #pragma debug struct_end
 105  000B              #pragma debug union_end
 105  000B              #pragma debug union_end
 105  000B              #pragma debug variable 73 1 ___intc0 "__intc0" 1
 105  000B              #pragma debug struct_end
 105  000B              #pragma debug struct_end
 105  000B              #pragma debug union_end
 105  000B              #pragma debug union_end
 105  000B              #pragma debug variable 75 1 ___pb "__pb" 1
 105  000B              #pragma debug struct_end
 105  000B              #pragma debug struct_end
 105  000B              #pragma debug union_end
 105  000B              #pragma debug union_end
 105  000B              #pragma debug variable 77 1 ___pbc "__pbc" 1
 105  000B              #pragma debug struct_end
 105  000B              #pragma debug struct_end
 105  000B              #pragma debug union_end
 105  000B              #pragma debug union_end
"File: initial.c     Assembler  Version HGASM0202      Page 6

 105  000B              #pragma debug variable 79 1 ___pbpu "__pbpu" 1
 105  000B              #pragma debug struct_end
 105  000B              #pragma debug struct_end
 105  000B              #pragma debug union_end
 105  000B              #pragma debug union_end
 105  000B              #pragma debug variable 81 1 ___sadc0 "__sadc0" 1
 105  000B              #pragma debug struct_end
 105  000B              #pragma debug struct_end
 105  000B              #pragma debug union_end
 105  000B              #pragma debug union_end
 105  000B              #pragma debug variable 83 1 ___sadc1 "__sadc1" 1
 105  000B              #pragma debug struct_end
 105  000B              #pragma debug struct_end
 105  000B              #pragma debug union_end
 105  000B              #pragma debug union_end
 105  000B              #pragma debug variable 85 1 ___sadc2 "__sadc2" 1
 105  000B              #pragma debug struct_end
 105  000B              #pragma debug struct_end
 105  000B              #pragma debug union_end
 105  000B              #pragma debug union_end
 105  000B              #pragma debug variable 87 1 ___ifs "__ifs" 1
 105  000B              #pragma debug variable 8 1 ___iar0 "__iar0" 1
 105  000B              
 105  000B              ; 
 105  000B              ; Generated by holtek-gcc v3.19, Mon Apr 06 10:41:26 2020
 105  000B              ; Rebuild 718
 105  000B              ; end of file


        0 Errors, 0